     1                                  ; sse_unaligned
     2                                  extern printf
     3                                  section .data
     4                                  	; single precision
     5 00000000 CDCC8C3F                	spvector1	dd	1.1
     6 00000004 CDCC0C40                			dd	2.2
     7 00000008 33335340                			dd	3.3
     8 0000000C CDCC8C40                			dd	4.4
     9 00000010 CDCC8C3F                	spvector2	dd	1.1
    10 00000014 CDCC0C40                			dd	2.2
    11 00000018 33335340                			dd	3.3
    12 0000001C CDCC8C40                			dd	4.4
    13                                  	; double precision
    14 00000020 9A9999999999F13F        	dpvector1	dq	1.1
    15 00000028 9A99999999990140        			dq	2.2
    16 00000030 6666666666660A40        	dpvector2	dq	3.3
    17 00000038 9A99999999991140        			dq	4.4
    18                                  
    19 00000040 53696E676C65205072-     	fmt1	db	"Single Precision Vector 1: %f, %f, %f, %f",10,0
    19 00000049 65636973696F6E2056-
    19 00000052 6563746F7220313A20-
    19 0000005B 25662C2025662C2025-
    19 00000064 662C2025660A00     
    20 0000006B 53696E676C65205072-     	fmt2	db	"Single Precision Vector 2: %f, %f, %f, %f",10,0
    20 00000074 65636973696F6E2056-
    20 0000007D 6563746F7220323A20-
    20 00000086 25662C2025662C2025-
    20 0000008F 662C2025660A00     
    21 00000096 53756D206F66205369-     	fmt3	db	"Sum of Single Precision Vector 1 and Vector 2: %f, %f, %f, %f",10,0
    21 0000009F 6E676C652050726563-
    21 000000A8 6973696F6E20566563-
    21 000000B1 746F72203120616E64-
    21 000000BA 20566563746F722032-
    21 000000C3 3A2025662C2025662C-
    21 000000CC 2025662C2025660A00 
    22 000000D5 446F75626C65205072-     	fmt4	db	"Double Precision Vector 1: %f, %f",10,0
    22 000000DE 65636973696F6E2056-
    22 000000E7 6563746F7220313A20-
    22 000000F0 25662C2025660A00   
    23 000000F8 446F75626C65205072-     	fmt5	db	"Double Precision Vector 2: %f, %f",10,0
    23 00000101 65636973696F6E2056-
    23 0000010A 6563746F7220323A20-
    23 00000113 25662C2025660A00   
    24 0000011B 53756D206F6620446F-     	fmt6	db	"Sum of Double Precision Vector 1 and Vector 2: %f, %f",10,0
    24 00000124 75626C652050726563-
    24 0000012D 6973696F6E20566563-
    24 00000136 746F72203120616E64-
    24 0000013F 20566563746F722032-
    24 00000148 3A2025662C2025660A-
    24 00000151 00                 
    25                                  
    26                                  section .bss
    27 00000000 <res 10h>               	spvector_res	resd	4
    28 00000010 <res 20h>               	dpvector_res	resq	4
    29                                  section .text
    30                                  	global main
    31                                  main:
    32 00000000 55                      	push	rbp
    33 00000001 4889E5                  	mov	rbp, rsp
    34                                  
    35                                  	; add 2 single precision floating-pt vectors
    36 00000004 48BE-                   	mov	rsi, spvector1
    36 00000006 [0000000000000000] 
    37 0000000E 48BF-                   	mov	rdi, fmt1
    37 00000010 [4000000000000000] 
    38 00000018 E8B9000000              	call	printspfp
    39                                  
    40 0000001D 48BE-                   	mov	rsi, spvector2
    40 0000001F [1000000000000000] 
    41 00000027 48BF-                   	mov	rdi, fmt2
    41 00000029 [6B00000000000000] 
    42 00000031 E8A0000000              	call	printspfp
    43                                  
    44 00000036 0F100425[00000000]      	movups	xmm0, [spvector1]
    45 0000003E 0F100C25[10000000]      	movups	xmm1, [spvector2]
    46 00000046 0F58C1                  	addps	xmm0, xmm1
    47 00000049 0F110425[00000000]      	movups	[spvector_res], xmm0
    48 00000051 48BE-                   	mov	rsi, spvector_res
    48 00000053 [0000000000000000] 
    49 0000005B 48BF-                   	mov	rdi, fmt3
    49 0000005D [9600000000000000] 
    50 00000065 E86C000000              	call	printspfp
    51                                  
    52                                  	; add 2 double-precision floating-pt vectors
    53 0000006A 48BE-                   	mov	rsi, dpvector1
    53 0000006C [2000000000000000] 
    54 00000074 48BF-                   	mov	rdi, fmt4
    54 00000076 [D500000000000000] 
    55 0000007E E886000000              	call	printdpfp
    56                                  
    57 00000083 48BE-                   	mov	rsi, dpvector2
    57 00000085 [3000000000000000] 
    58 0000008D 48BF-                   	mov	rdi, fmt5
    58 0000008F [F800000000000000] 
    59 00000097 E86D000000              	call	printdpfp
    60                                  
    61 0000009C 660F100425-             	movupd	xmm0, [dpvector1]
    61 000000A1 [20000000]         
    62 000000A5 660F100C25-             	movupd	xmm1, [dpvector2]
    62 000000AA [30000000]         
    63 000000AE 660F58C1                	addpd	xmm0, xmm1
    64 000000B2 660F110425-             	movupd	[dpvector_res], xmm0
    64 000000B7 [10000000]         
    65 000000BB 48BE-                   	mov	rsi, dpvector_res
    65 000000BD [1000000000000000] 
    66 000000C5 48BF-                   	mov	rdi, fmt6
    66 000000C7 [1B01000000000000] 
    67 000000CF E835000000              	call	printdpfp
    68                                  
    69 000000D4 C9                      	leave
    70 000000D5 C3                      	ret
    71                                  
    72                                  printspfp:
    73 000000D6 55                      	push		rbp
    74 000000D7 4889E5                  	mov		rbp, rsp
    75                                  
    76 000000DA F30F1006                	movss		xmm0, [rsi]
    77 000000DE F30F5AC0                	cvtss2sd	xmm0, xmm0
    78 000000E2 F30F104E04              	movss		xmm1, [rsi+4]
    79 000000E7 F30F5AC9                	cvtss2sd	xmm1, xmm1
    80 000000EB F30F105608              	movss		xmm2, [rsi+8]
    81 000000F0 F30F5AD2                	cvtss2sd	xmm2, xmm2
    82 000000F4 F30F105E0C              	movss		xmm3, [rsi+12]
    83 000000F9 F30F5ADB                	cvtss2sd	xmm3, xmm3
    84 000000FD B804000000              	mov		rax, 4		; copy the 4 single-precision floats into the accumulator register
    85 00000102 E8(00000000)            	call		printf
    86                                  
    87 00000107 C9                      	leave
    88 00000108 C3                      	ret
    89                                  
    90                                  printdpfp:
    91 00000109 55                      	push	rbp
    92 0000010A 4889E5                  	mov	rbp, rsp
    93                                  
    94 0000010D F20F1006                	movsd	xmm0, [rsi]
    95 00000111 F20F104E08              	movsd	xmm1, [rsi+8]
    96 00000116 B802000000              	mov	rax, 2		; copy the 2 double-precision floats into the accumlator register
    97 0000011B E8(00000000)            	call	printf
    98                                  
    99 00000120 C9                      	leave
   100 00000121 C3                      	ret
