     1                                  ; asum.asm
     2                                  section .data
     3                                  section .bss
     4                                  section .text
     5                                  
     6                                  global asum
     7                                  asum:
     8                                      section .text
     9                                      
    10                                          ; calculate the sum
    11 00000000 4889F1                          mov     rcx, rsi        ; array's length
    12 00000003 4889FB                          mov     rbx, rdi        ; array's address
    13 00000006 41BC00000000                    mov     r12, 0
    14 0000000C F2420F1004E3                    movsd   xmm0, qword [rbx+r12*8]
    15 00000012 48FFC9                          dec     rcx             ; one loop less b/c 1st element already in xmm0
    16                                          
    17                                          sloop:
    18 00000015 49FFC4                              inc     r12
    19 00000018 F2420F5804E3                        addsd   xmm0, qword [rbx+r12*8]
    20 0000001E E2F5                                loop    sloop
    21                                              
    22 00000020 C3                              ret                     ; returns sum in xmm0
