     1                                  ; function4.asm
     2                                  extern printf
     3                                  extern c_area
     4                                  extern c_circum
     5                                  extern r_area
     6                                  extern r_perimeter
     7                                  global pi
     8                                  section .data
     9 00000000 50455254FB210940            pi      dq  3.141592654
    10 00000008 0000000000002440            radius  dq  10.0
    11 00000010 0400000000000000            side1   dq  4
    12 00000018 0500000000000000            side2   dq  5
    13 00000020 25732025660A00              fmtf    db  "%s %f",10,0
    14 00000027 25732025640A00              fmti    db  "%s %d",10,0
    15 0000002E 54686520636972636C-         ca      db  "The circle area is",0
    15 00000037 652061726561206973-
    15 00000040 00                 
    16 00000041 54686520636972636C-         cc      db  "The circle circumference is",0
    16 0000004A 652063697263756D66-
    16 00000053 6572656E6365206973-
    16 0000005C 00                 
    17 0000005D 546865207265637461-         ra      db  "The rectangle area is",0
    17 00000066 6E676C652061726561-
    17 0000006F 20697300           
    18 00000073 546865207265637461-         rc      db  "The rectangle perimeter is",0
    18 0000007C 6E676C652070657269-
    18 00000085 6D6574657220697300 
    19                                  section .bss
    20                                  section .text
    21                                      global main
    22                                  main:
    23 00000000 55                          push    rbp
    24 00000001 4889E5                      mov     rbp, rsp
    25                                      
    26                                      ; circle area
    27 00000004 F20F100425-                 movsd   xmm0, qword [radius]    ; radius xmm0 arg
    27 00000009 [08000000]         
    28 0000000D E8(00000000)                call    c_area                  ; area returned in xmm0 arg
    29                                      ; print circle's area
    30 00000012 48BF-                       mov     rdi, fmtf
    30 00000014 [2000000000000000] 
    31 0000001C 48BE-                       mov     rsi, ca
    31 0000001E [2E00000000000000] 
    32 00000026 B801000000                  mov     rax, 1
    33 0000002B E8(00000000)                call    printf
    34                                      
    35                                      ; circle circumference
    36 00000030 F20F100425-                 movsd   xmm0, qword [radius]
    36 00000035 [08000000]         
    37 00000039 E8(00000000)                call    c_circum
    38                                      ; print circle's circumference
    39 0000003E 48BF-                       mov     rdi, fmtf
    39 00000040 [2000000000000000] 
    40 00000048 48BE-                       mov     rsi, cc
    40 0000004A [4100000000000000] 
    41 00000052 B801000000                  mov     rax, 1
    42 00000057 E8(00000000)                call    printf
    43                                      
    44                                      ; rectangle area
    45 0000005C 488B3C25[10000000]          mov     rdi, [side1]
    46 00000064 488B3425[18000000]          mov     rsi, [side2]
    47 0000006C E8(00000000)                call    r_area
    48                                      ; print rectangle's area
    49 00000071 48BF-                       mov     rdi, fmti
    49 00000073 [2700000000000000] 
    50 0000007B 48BE-                       mov     rsi, ra
    50 0000007D [5D00000000000000] 
    51 00000085 4889C2                      mov     rdx, rax
    52 00000088 B800000000                  mov     rax, 0
    53 0000008D E8(00000000)                call    printf
    54                                      
    55                                      ; rectangle's perimeter
    56 00000092 488B3C25[10000000]          mov     rdi, [side1]
    57 0000009A 488B3425[18000000]          mov     rsi, [side2]
    58 000000A2 E8(00000000)                call    r_perimeter
    59                                      ; print rectangle's perimeter
    60 000000A7 48BF-                       mov     rdi, fmti
    60 000000A9 [2700000000000000] 
    61 000000B1 48BE-                       mov     rsi, rc
    61 000000B3 [7300000000000000] 
    62 000000BB 4889C2                      mov     rdx, rax
    63 000000BE B800000000                  mov     rax, 0
    64 000000C3 E8(00000000)                call    printf
    65                                      
    66 000000C8 4889EC                      mov     rsp, rbp
    67 000000CB 5D                          pop     rbp
    68 000000CC C3                          ret            
